  Utilities.cpp
  main.cpp
d:\marcin_dyskd\github\verletandeulerintergration\verlet\verlet\MainVerlet.h(108): warning C4018: '<': signed/unsigned mismatch
d:\marcin_dyskd\github\verletandeulerintergration\verlet\verlet\MainVerlet.h(119): warning C4244: 'argument': conversion from 'int' to 'float', possible loss of data
d:\marcin_dyskd\github\verletandeulerintergration\verlet\verlet\MainVerlet.h(146): warning C4018: '<': signed/unsigned mismatch
d:\marcin_dyskd\github\verletandeulerintergration\verlet\verlet\MainVerlet.h(178): warning C4018: '<': signed/unsigned mismatch
d:\marcin_dyskd\github\verletandeulerintergration\verlet\verlet\ForwardKinematic.h(77): warning C4244: 'return': conversion from 'double' to 'float', possible loss of data
d:\marcin_dyskd\github\verletandeulerintergration\verlet\verlet\ForwardKinematic.h(82): warning C4244: 'return': conversion from 'double' to 'float', possible loss of data
d:\marcin_dyskd\github\verletandeulerintergration\verlet\verlet\InverseKinematic.h(46): warning C4244: 'argument': conversion from 'int' to 'float', possible loss of data
d:\marcin_dyskd\github\verletandeulerintergration\verlet\verlet\InverseKinematic.h(70): warning C4244: 'return': conversion from 'double' to 'float', possible loss of data
d:\marcin_dyskd\github\verletandeulerintergration\verlet\verlet\InverseKinematic.h(75): warning C4244: 'return': conversion from 'double' to 'float', possible loss of data
d:\marcin_dyskd\github\verletandeulerintergration\verlet\verlet\SmallFunctionsTest.h(57): warning C4244: 'argument': conversion from 'const unsigned int' to 'float', possible loss of data
d:\marcin_dyskd\github\verletandeulerintergration\verlet\verlet\SmallFunctionsTest.h(63): warning C4244: 'argument': conversion from 'const unsigned int' to 'float', possible loss of data
d:\marcin_dyskd\github\verletandeulerintergration\verlet\verlet\SmallFunctionsTest.h(160): warning C4244: 'argument': conversion from 'const unsigned int' to 'float', possible loss of data
d:\marcin_dyskd\github\verletandeulerintergration\verlet\verlet\SmallFunctionsTest.h(160): warning C4244: 'argument': conversion from 'int' to 'float', possible loss of data
d:\marcin_dyskd\github\verletandeulerintergration\verlet\verlet\SmallFunctionsTest.h(161): warning C4244: 'argument': conversion from 'const unsigned int' to 'float', possible loss of data
d:\marcin_dyskd\github\verletandeulerintergration\verlet\verlet\SmallFunctionsTest.h(161): warning C4244: 'argument': conversion from 'int' to 'float', possible loss of data
d:\marcin_dyskd\github\verletandeulerintergration\verlet\verlet\MainBezier.h(52): warning C4244: 'argument': conversion from 'int' to 'float', possible loss of data
d:\marcin_dyskd\github\verletandeulerintergration\verlet\verlet\MainBezier.h(68): warning C4018: '<': signed/unsigned mismatch
C:\Program Files (x86)\Microsoft Visual Studio 14.0\VC\include\xmemory0(737): warning C4244: 'argument': conversion from 'double' to 'float', possible loss of data
  C:\Program Files (x86)\Microsoft Visual Studio 14.0\VC\include\xmemory0(857): note: see reference to function template instantiation 'void std::allocator<_Ty>::construct<_Objty,float,float,float,double,float>(_Objty *,float &&,float &&,float &&,double &&,float &&)' being compiled
          with
          [
              _Ty=Particle,
              _Objty=Particle
          ]
  C:\Program Files (x86)\Microsoft Visual Studio 14.0\VC\include\xmemory0(857): note: see reference to function template instantiation 'void std::allocator<_Ty>::construct<_Objty,float,float,float,double,float>(_Objty *,float &&,float &&,float &&,double &&,float &&)' being compiled
          with
          [
              _Ty=Particle,
              _Objty=Particle
          ]
  C:\Program Files (x86)\Microsoft Visual Studio 14.0\VC\include\xmemory0(996): note: see reference to function template instantiation 'void std::allocator_traits<_Alloc>::construct<_Ty,float,float,float,double,float>(std::allocator<_Ty> &,_Objty *,float &&,float &&,float &&,double &&,float &&)' being compiled
          with
          [
              _Alloc=std::allocator<Particle>,
              _Ty=Particle,
              _Objty=Particle
          ]
  C:\Program Files (x86)\Microsoft Visual Studio 14.0\VC\include\xmemory0(995): note: see reference to function template instantiation 'void std::allocator_traits<_Alloc>::construct<_Ty,float,float,float,double,float>(std::allocator<_Ty> &,_Objty *,float &&,float &&,float &&,double &&,float &&)' being compiled
          with
          [
              _Alloc=std::allocator<Particle>,
              _Ty=Particle,
              _Objty=Particle
          ]
  C:\Program Files (x86)\Microsoft Visual Studio 14.0\VC\include\vector(930): note: see reference to function template instantiation 'void std::_Wrap_alloc<std::allocator<_Ty>>::construct<_Ty,float,float,float,double,float>(_Ty *,float &&,float &&,float &&,double &&,float &&)' being compiled
          with
          [
              _Ty=Particle
          ]
  C:\Program Files (x86)\Microsoft Visual Studio 14.0\VC\include\vector(929): note: see reference to function template instantiation 'void std::_Wrap_alloc<std::allocator<_Ty>>::construct<_Ty,float,float,float,double,float>(_Ty *,float &&,float &&,float &&,double &&,float &&)' being compiled
          with
          [
              _Ty=Particle
          ]
  d:\marcin_dyskd\github\verletandeulerintergration\verlet\verlet\MainEuler.h(35): note: see reference to function template instantiation 'void std::vector<Particle,std::allocator<_Ty>>::emplace_back<float,float,float,double,float>(float &&,float &&,float &&,double &&,float &&)' being compiled
          with
          [
              _Ty=Particle
          ]
  d:\marcin_dyskd\github\verletandeulerintergration\verlet\verlet\MainEuler.h(35): note: see reference to function template instantiation 'void std::vector<Particle,std::allocator<_Ty>>::emplace_back<float,float,float,double,float>(float &&,float &&,float &&,double &&,float &&)' being compiled
          with
          [
              _Ty=Particle
          ]
C:\Program Files (x86)\Microsoft Visual Studio 14.0\VC\include\xmemory0(737): warning C4244: 'argument': conversion from 'float' to 'std::size_t', possible loss of data
  C:\Program Files (x86)\Microsoft Visual Studio 14.0\VC\include\xmemory0(857): note: see reference to function template instantiation 'void std::allocator<_Ty>::construct<_Objty,float,float>(_Objty *,float &&,float &&)' being compiled
          with
          [
              _Ty=sf::CircleShape,
              _Objty=sf::CircleShape
          ]
  C:\Program Files (x86)\Microsoft Visual Studio 14.0\VC\include\xmemory0(857): note: see reference to function template instantiation 'void std::allocator<_Ty>::construct<_Objty,float,float>(_Objty *,float &&,float &&)' being compiled
          with
          [
              _Ty=sf::CircleShape,
              _Objty=sf::CircleShape
          ]
  C:\Program Files (x86)\Microsoft Visual Studio 14.0\VC\include\xmemory0(996): note: see reference to function template instantiation 'void std::allocator_traits<_Alloc>::construct<_Ty,float,float>(std::allocator<_Ty> &,_Objty *,float &&,float &&)' being compiled
          with
          [
              _Alloc=std::allocator<sf::CircleShape>,
              _Ty=sf::CircleShape,
              _Objty=sf::CircleShape
          ]
  C:\Program Files (x86)\Microsoft Visual Studio 14.0\VC\include\xmemory0(995): note: see reference to function template instantiation 'void std::allocator_traits<_Alloc>::construct<_Ty,float,float>(std::allocator<_Ty> &,_Objty *,float &&,float &&)' being compiled
          with
          [
              _Alloc=std::allocator<sf::CircleShape>,
              _Ty=sf::CircleShape,
              _Objty=sf::CircleShape
          ]
  C:\Program Files (x86)\Microsoft Visual Studio 14.0\VC\include\vector(930): note: see reference to function template instantiation 'void std::_Wrap_alloc<std::allocator<_Ty>>::construct<_Ty,float,float>(_Ty *,float &&,float &&)' being compiled
          with
          [
              _Ty=sf::CircleShape
          ]
  C:\Program Files (x86)\Microsoft Visual Studio 14.0\VC\include\vector(929): note: see reference to function template instantiation 'void std::_Wrap_alloc<std::allocator<_Ty>>::construct<_Ty,float,float>(_Ty *,float &&,float &&)' being compiled
          with
          [
              _Ty=sf::CircleShape
          ]
  d:\marcin_dyskd\github\verletandeulerintergration\verlet\verlet\MainVerlet.h(64): note: see reference to function template instantiation 'void std::vector<sf::CircleShape,std::allocator<_Ty>>::emplace_back<float,float>(float &&,float &&)' being compiled
          with
          [
              _Ty=sf::CircleShape
          ]
  d:\marcin_dyskd\github\verletandeulerintergration\verlet\verlet\MainVerlet.h(64): note: see reference to function template instantiation 'void std::vector<sf::CircleShape,std::allocator<_Ty>>::emplace_back<float,float>(float &&,float &&)' being compiled
          with
          [
              _Ty=sf::CircleShape
          ]
  Generating code
  277 of 353 functions (78.5%) were compiled, the rest were copied from previous compilation.
    251 functions were new in current compilation
    3 functions had inline decision re-evaluated but remain unchanged
  Finished generating code
Arm.obj : warning LNK4099: PDB 'vc140.pdb' was not found with 'Arm.obj' or at 'D:\Marcin_DyskD\GITHUB\VerletAndEulerIntergration\Verlet\Release\vc140.pdb'; linking object as if no debug info
Ball.obj : warning LNK4099: PDB 'vc140.pdb' was not found with 'Ball.obj' or at 'D:\Marcin_DyskD\GITHUB\VerletAndEulerIntergration\Verlet\Release\vc140.pdb'; linking object as if no debug info
ForwardKinematicSystem.obj : warning LNK4099: PDB 'vc140.pdb' was not found with 'ForwardKinematicSystem.obj' or at 'D:\Marcin_DyskD\GITHUB\VerletAndEulerIntergration\Verlet\Release\vc140.pdb'; linking object as if no debug info
GameWindow.obj : warning LNK4099: PDB 'vc140.pdb' was not found with 'GameWindow.obj' or at 'D:\Marcin_DyskD\GITHUB\VerletAndEulerIntergration\Verlet\Release\vc140.pdb'; linking object as if no debug info
InverseKinematicSystem.obj : warning LNK4099: PDB 'vc140.pdb' was not found with 'InverseKinematicSystem.obj' or at 'D:\Marcin_DyskD\GITHUB\VerletAndEulerIntergration\Verlet\Release\vc140.pdb'; linking object as if no debug info
Line.obj : warning LNK4099: PDB 'vc140.pdb' was not found with 'Line.obj' or at 'D:\Marcin_DyskD\GITHUB\VerletAndEulerIntergration\Verlet\Release\vc140.pdb'; linking object as if no debug info
Particle.obj : warning LNK4099: PDB 'vc140.pdb' was not found with 'Particle.obj' or at 'D:\Marcin_DyskD\GITHUB\VerletAndEulerIntergration\Verlet\Release\vc140.pdb'; linking object as if no debug info
ParticleVerlet.obj : warning LNK4099: PDB 'vc140.pdb' was not found with 'ParticleVerlet.obj' or at 'D:\Marcin_DyskD\GITHUB\VerletAndEulerIntergration\Verlet\Release\vc140.pdb'; linking object as if no debug info
Stick.obj : warning LNK4099: PDB 'vc140.pdb' was not found with 'Stick.obj' or at 'D:\Marcin_DyskD\GITHUB\VerletAndEulerIntergration\Verlet\Release\vc140.pdb'; linking object as if no debug info
Vector2D.obj : warning LNK4099: PDB 'vc140.pdb' was not found with 'Vector2D.obj' or at 'D:\Marcin_DyskD\GITHUB\VerletAndEulerIntergration\Verlet\Release\vc140.pdb'; linking object as if no debug info
  Verlet.vcxproj -> D:\Marcin_DyskD\GITHUB\VerletAndEulerIntergration\Verlet\Release\Verlet.exe
  Verlet.vcxproj -> D:\Marcin_DyskD\GITHUB\VerletAndEulerIntergration\Verlet\Release\Verlet.pdb (Full PDB)
